<?xml version="1.0" encoding="UTF-8"?>
<!-- Generated by org.testng.reporters.JUnitReportReporter -->
<testsuite skipped="0" hostname="Amol" name="com.web.site.Test1" tests="1" failures="0" timestamp="2021-07-13T20:39:21 PDT" time="0.014" errors="0">
  <testcase name="f" time="0.014" classname="com.web.site.Test1"/>
  <system-out/>
</testsuite> <!-- com.web.site.Test1 -->
